Copyright 1986-2018 Xilinx, Inc. All Rights Reserved.
------------------------------------------------------------------------------------
| Tool Version : Vivado v.2018.1 (win64) Build 2188600 Wed Apr  4 18:40:38 MDT 2018
| Date         : Sat Sep  1 21:29:47 2018
| Host         : DESKTOP-6F3MM83 running 64-bit major release  (build 9200)
| Command      : report_control_sets -verbose -file vga_control_sets_placed.rpt
| Design       : vga
| Device       : xc7a35t
------------------------------------------------------------------------------------

Control Set Information

Table of Contents
-----------------
1. Summary
2. Histogram
3. Flip-Flop Distribution
4. Detailed Control Set Information

1. Summary
----------

+----------------------------------------------------------+-------+
|                          Status                          | Count |
+----------------------------------------------------------+-------+
| Number of unique control sets                            |    43 |
| Unused register locations in slices containing registers |   147 |
+----------------------------------------------------------+-------+


2. Histogram
------------

+--------+--------------+
| Fanout | Control Sets |
+--------+--------------+
|      3 |            3 |
|      6 |            1 |
|      8 |            4 |
|      9 |            1 |
|     10 |            6 |
|     11 |            4 |
|     12 |            2 |
|     13 |            1 |
|    16+ |           21 |
+--------+--------------+


3. Flip-Flop Distribution
-------------------------

+--------------+-----------------------+------------------------+-----------------+--------------+
| Clock Enable | Synchronous Set/Reset | Asynchronous Set/Reset | Total Registers | Total Slices |
+--------------+-----------------------+------------------------+-----------------+--------------+
| No           | No                    | No                     |              89 |           46 |
| No           | No                    | Yes                    |              14 |            6 |
| No           | Yes                   | No                     |              61 |           22 |
| Yes          | No                    | No                     |             226 |           68 |
| Yes          | No                    | Yes                    |             275 |           76 |
| Yes          | Yes                   | No                     |              20 |            9 |
+--------------+-----------------------+------------------------+-----------------+--------------+


4. Detailed Control Set Information
-----------------------------------

+---------------------------------------+--------------------------------------------------------+-----------------------------------------+------------------+----------------+
|              Clock Signal             |                      Enable Signal                     |             Set/Reset Signal            | Slice Load Count | Bel Load Count |
+---------------------------------------+--------------------------------------------------------+-----------------------------------------+------------------+----------------+
|  myClk/inst/clk_out2                  |                                                        | rst_IBUF                                |                3 |              3 |
|  vga_bus[-1][35]                      |                                                        | rst_IBUF                                |                2 |              3 |
|  my_collisions/f_nxt                  |                                                        |                                         |                1 |              3 |
|  myClk/inst/clk_out2                  | Game_bg/en_reg_n_0                                     | rst_IBUF                                |                2 |              6 |
|  myClk/inst/clk_out2_clk_wiz_0_en_clk |                                                        | rst_IBUF                                |                1 |              8 |
|  vga_bus[-1][35]                      | my_gremlins/my_gremlin1/E[0]                           | rst_IBUF                                |                3 |              8 |
|  vga_bus[-1][35]                      | my_gremlins/my_gremlin0/points1_reg[7][0]              | rst_IBUF                                |                2 |              8 |
|  myClk/inst/clk_out2                  | Game_bg/Timer                                          | rst_IBUF                                |                2 |              8 |
|  myClk/inst/clk_out2                  |                                                        | my_collisions/my_headstones/SS[0]       |                3 |              9 |
|  myClk/inst/clk_out2                  |                                                        | my_gremlins/my_gremlin0/m[9]_i_1_n_0    |                3 |             10 |
|  myClk/inst/clk_out2                  |                                                        | my_gremlins/my_gremlin0/n[9]_i_1_n_0    |                3 |             10 |
|  myClk/inst/clk_out2                  |                                                        | my_gremlins/my_gremlin1/m[9]_i_1__0_n_0 |                4 |             10 |
|  myClk/inst/clk_out2                  |                                                        | my_gremlins/my_gremlin1/n[9]_i_1__0_n_0 |                4 |             10 |
|  vga_bus[-2][35]                      | my_collisions/gremlin0_enable                          | my_gremlins/my_gremlin0/i[9]_i_1_n_0    |                5 |             10 |
|  vga_bus[-2][35]                      | my_collisions/gremlin1_enable                          | my_gremlins/my_gremlin1/i[9]_i_1__0_n_0 |                4 |             10 |
|  vga_bus[-2][35]                      | my_gremlins/my_gremlin1/xpos_nxt                       |                                         |                3 |             11 |
|  vga_bus[-2][35]                      | my_gremlins/my_gremlin1/ypos_nxt[10]_i_1__0_n_0        |                                         |                3 |             11 |
|  vga_bus[-2][35]                      | my_gremlins/my_gremlin0/ypos_nxt[10]_i_1_n_0           |                                         |                3 |             11 |
|  vga_bus[-2][35]                      | my_gremlins/my_gremlin0/xpos_nxt                       |                                         |                3 |             11 |
|  myClk/inst/clk_out2                  |                                                        | my_collisions/r_reg[3]                  |                5 |             12 |
|  myClk/inst/clk_out2                  | my_timing/hcount_out[10]_i_1_n_0                       | rst_IBUF                                |                5 |             12 |
|  myClk/inst/clk_out2                  | my_timing/vcount_out[10]_i_1_n_0                       | rst_IBUF                                |                5 |             13 |
|  vga_bus[-2][35]                      |                                                        |                                         |               11 |             16 |
|  myClk/inst/clk_out2                  | my_collisions/my_headstones/vcount_char[0][10]_i_1_n_0 |                                         |                6 |             20 |
|  myClk/inst/clk_out2                  | my_collisions/my_headstones/vcount_char[2][10]_i_1_n_0 |                                         |                6 |             20 |
|  myClk/inst/clk_out2                  | my_collisions/my_headstones/vcount_char[4][10]_i_1_n_0 |                                         |                6 |             20 |
|  myClk/inst/clk_out2                  | my_collisions/my_headstones/vcount_char[5][10]_i_1_n_0 |                                         |                6 |             20 |
|  myClk/inst/clk_out2                  | my_collisions/my_headstones/vcount_char[6][10]_i_1_n_0 |                                         |                6 |             20 |
|  myClk/inst/clk_out2                  | my_collisions/my_headstones/vcount_char[7][10]_i_1_n_0 |                                         |                6 |             20 |
|  myClk/inst/clk_out2                  | my_collisions/my_headstones/vcount_char[1][10]_i_1_n_0 |                                         |                6 |             20 |
|  myClk/inst/clk_out2                  | my_collisions/my_headstones/vcount_char[3][10]_i_1_n_0 |                                         |                6 |             20 |
|  myClk/inst/clk_out2                  | MyCar/xpos[10]_i_1_n_0                                 | rst_IBUF                                |               10 |             22 |
|  myClk/inst/clk_out2                  | MyCar2/xpos[10]_i_1__0_n_0                             | rst_IBUF                                |               11 |             22 |
|  myClk/inst/clk_out2                  | my_collisions/my_headstones/addr                       | rst_IBUF                                |                4 |             22 |
|  myClk/inst/clk_out2                  | my_collisions/my_headstones/addr[2][21]_i_1_n_0        | rst_IBUF                                |                4 |             22 |
|  myClk/inst/clk_out2                  | my_collisions/my_headstones/addr[6][21]_i_1_n_0        | rst_IBUF                                |                4 |             22 |
|  myClk/inst/clk_out2                  | my_collisions/my_headstones/addr[1][21]_i_1_n_0        | rst_IBUF                                |                4 |             22 |
|  vga_bus[-1][35]                      | my_gremlins/my_gremlin1/address_nxt_reg[0][0]          |                                         |                8 |             22 |
|  myClk/inst/clk_out2                  | my_collisions/my_headstones/addr[4][21]_i_1_n_0        | rst_IBUF                                |                4 |             22 |
|  myClk/inst/clk_out2                  | my_collisions/my_headstones/addr[3][21]_i_1_n_0        | rst_IBUF                                |                5 |             22 |
|  myClk/inst/clk_out2                  | my_collisions/my_headstones/addr[5][21]_i_1_n_0        | rst_IBUF                                |                6 |             22 |
|  myClk/inst/clk_out2                  | my_collisions/my_headstones/addr[0][21]_i_1_n_0        | rst_IBUF                                |                5 |             22 |
|  myClk/inst/clk_out2                  |                                                        |                                         |               35 |             71 |
+---------------------------------------+--------------------------------------------------------+-----------------------------------------+------------------+----------------+


